# JRE version: OpenJDK Runtime Environment Temurin-21.0.4+7 (21.0.4+7) (build 21.0.4+7-LTS)
# Java VM: OpenJDK 64-Bit Server VM Temurin-21.0.4+7 (21.0.4+7-LTS, mixed mode, sharing, tiered, compressed oops, compressed class ptrs, g1 gc, windows-amd64)
GC Precious Log:
 CardTable entry size: 512
 Card Set container configuration: InlinePtr #cards 4 size 8 Array Of Cards #cards 16 size 48 Howl #buckets 8 coarsen threshold 3686 Howl Bitmap #cards 512 size 80 coarsen threshold 460 Card regions per heap region 1 cards per card region 4096
 CPUs: 12 total, 12 available
 Memory: 15690M
 Large Page Support: Disabled
 NUMA Support: Disabled
 Compressed Oops: Enabled (Zero based)
 Heap Region Size: 2M
 Heap Min Capacity: 8M
 Heap Initial Capacity: 246M
 Heap Max Capacity: 3924M
 Pre-touch: Disabled
 Parallel Workers: 10
 Concurrent Workers: 3
 Concurrent Refinement Workers: 10
 Periodic GC: Disabled
Heap:
 garbage-first heap   total 155648K, used 84132K [0x000000070ac00000, 0x0000000800000000)
  region size 2048K, 31 young (63488K), 2 survivors (4096K)
 Metaspace       used 75582K, committed 76288K, reserved 1179648K
  class space    used 10386K, committed 10688K, reserved 1048576K
GC Heap History (20 events):
Event: 1.746 GC heap before
{Heap before GC invocations=1 (full 0):
 garbage-first heap   total 251904K, used 32711K [0x000000070ac00000, 0x0000000800000000)
  region size 2048K, 14 young (28672K), 2 survivors (4096K)
 Metaspace       used 12097K, committed 12480K, reserved 1114112K
  class space    used 1544K, committed 1728K, reserved 1048576K
}
Event: 1.752 GC heap after
{Heap after GC invocations=2 (full 0):
 garbage-first heap   total 251904K, used 10308K [0x000000070ac00000, 0x0000000800000000)
  region size 2048K, 2 young (4096K), 2 survivors (4096K)
 Metaspace       used 12097K, committed 12480K, reserved 1114112K
  class space    used 1544K, committed 1728K, reserved 1048576K
}
Event: 2.448 GC heap before
{Heap before GC invocations=2 (full 0):
 garbage-first heap   total 251904K, used 51268K [0x000000070ac00000, 0x0000000800000000)
  region size 2048K, 23 young (47104K), 2 survivors (4096K)
 Metaspace       used 21100K, committed 21504K, reserved 1114112K
  class space    used 2698K, committed 2880K, reserved 1048576K
}
Event: 2.454 GC heap after
{Heap after GC invocations=3 (full 0):
 garbage-first heap   total 251904K, used 13926K [0x000000070ac00000, 0x0000000800000000)
  region size 2048K, 3 young (6144K), 3 survivors (6144K)
 Metaspace       used 21100K, committed 21504K, reserved 1114112K
  class space    used 2698K, committed 2880K, reserved 1048576K
}
Event: 3.462 GC heap before
{Heap before GC invocations=4 (full 0):
 garbage-first heap   total 49152K, used 48742K [0x000000070ac00000, 0x0000000800000000)
  region size 2048K, 20 young (40960K), 3 survivors (6144K)
 Metaspace       used 26237K, committed 26688K, reserved 1114112K
  class space    used 3365K, committed 3584K, reserved 1048576K
}
Event: 3.472 GC heap after
{Heap after GC invocations=5 (full 0):
 garbage-first heap   total 59392K, used 16959K [0x000000070ac00000, 0x0000000800000000)
  region size 2048K, 5 young (10240K), 5 survivors (10240K)
 Metaspace       used 26237K, committed 26688K, reserved 1114112K
  class space    used 3365K, committed 3584K, reserved 1048576K
}
Event: 4.188 GC heap before
{Heap before GC invocations=5 (full 0):
 garbage-first heap   total 59392K, used 41535K [0x000000070ac00000, 0x0000000800000000)
  region size 2048K, 17 young (34816K), 5 survivors (10240K)
 Metaspace       used 31467K, committed 32000K, reserved 1114112K
  class space    used 4078K, committed 4288K, reserved 1048576K
}
Event: 4.203 GC heap after
{Heap after GC invocations=6 (full 0):
 garbage-first heap   total 59392K, used 19389K [0x000000070ac00000, 0x0000000800000000)
  region size 2048K, 2 young (4096K), 2 survivors (4096K)
 Metaspace       used 31467K, committed 32000K, reserved 1114112K
  class space    used 4078K, committed 4288K, reserved 1048576K
}
Event: 4.813 GC heap before
{Heap before GC invocations=6 (full 0):
 garbage-first heap   total 59392K, used 37821K [0x000000070ac00000, 0x0000000800000000)
  region size 2048K, 12 young (24576K), 2 survivors (4096K)
 Metaspace       used 35612K, committed 36160K, reserved 1114112K
  class space    used 4647K, committed 4864K, reserved 1048576K
}
Event: 4.817 GC heap after
{Heap after GC invocations=7 (full 0):
 garbage-first heap   total 59392K, used 20688K [0x000000070ac00000, 0x0000000800000000)
  region size 2048K, 1 young (2048K), 1 survivors (2048K)
 Metaspace       used 35612K, committed 36160K, reserved 1114112K
  class space    used 4647K, committed 4864K, reserved 1048576K
}
Event: 5.579 GC heap before
{Heap before GC invocations=8 (full 0):
 garbage-first heap   total 59392K, used 45264K [0x000000070ac00000, 0x0000000800000000)
  region size 2048K, 13 young (26624K), 1 survivors (2048K)
 Metaspace       used 41440K, committed 42048K, reserved 1114112K
  class space    used 5753K, committed 6016K, reserved 1048576K
}
Event: 5.583 GC heap after
{Heap after GC invocations=9 (full 0):
 garbage-first heap   total 59392K, used 22228K [0x000000070ac00000, 0x0000000800000000)
  region size 2048K, 2 young (4096K), 2 survivors (4096K)
 Metaspace       used 41440K, committed 42048K, reserved 1114112K
  class space    used 5753K, committed 6016K, reserved 1048576K
}
Event: 6.422 GC heap before
{Heap before GC invocations=9 (full 0):
 garbage-first heap   total 59392K, used 46804K [0x000000070ac00000, 0x0000000800000000)
  region size 2048K, 14 young (28672K), 2 survivors (4096K)
 Metaspace       used 49107K, committed 49728K, reserved 1114112K
  class space    used 6703K, committed 6976K, reserved 1048576K
}
Event: 6.426 GC heap after
{Heap after GC invocations=10 (full 0):
 garbage-first heap   total 59392K, used 23532K [0x000000070ac00000, 0x0000000800000000)
  region size 2048K, 2 young (4096K), 2 survivors (4096K)
 Metaspace       used 49107K, committed 49728K, reserved 1114112K
  class space    used 6703K, committed 6976K, reserved 1048576K
}
Event: 6.998 GC heap before
{Heap before GC invocations=10 (full 0):
 garbage-first heap   total 59392K, used 48108K [0x000000070ac00000, 0x0000000800000000)
  region size 2048K, 15 young (30720K), 2 survivors (4096K)
 Metaspace       used 56040K, committed 56704K, reserved 1114112K
  class space    used 7504K, committed 7808K, reserved 1048576K
}
Event: 7.001 GC heap after
{Heap after GC invocations=11 (full 0):
 garbage-first heap   total 59392K, used 25045K [0x000000070ac00000, 0x0000000800000000)
  region size 2048K, 2 young (4096K), 2 survivors (4096K)
 Metaspace       used 56040K, committed 56704K, reserved 1114112K
  class space    used 7504K, committed 7808K, reserved 1048576K
}
Event: 7.256 GC heap before
{Heap before GC invocations=11 (full 0):
 garbage-first heap   total 59392K, used 33237K [0x000000070ac00000, 0x0000000800000000)
  region size 2048K, 7 young (14336K), 2 survivors (4096K)
 Metaspace       used 59817K, committed 60480K, reserved 1114112K
  class space    used 8072K, committed 8384K, reserved 1048576K
}
Event: 7.260 GC heap after
{Heap after GC invocations=12 (full 0):
 garbage-first heap   total 59392K, used 25434K [0x000000070ac00000, 0x0000000800000000)
  region size 2048K, 1 young (2048K), 1 survivors (2048K)
 Metaspace       used 59817K, committed 60480K, reserved 1114112K
  class space    used 8072K, committed 8384K, reserved 1048576K
}
Event: 7.959 GC heap before
{Heap before GC invocations=13 (full 0):
 garbage-first heap   total 59392K, used 52058K [0x000000070ac00000, 0x0000000800000000)
  region size 2048K, 14 young (28672K), 1 survivors (2048K)
 Metaspace       used 66003K, committed 66688K, reserved 1114112K
  class space    used 9075K, committed 9344K, reserved 1048576K
}
Event: 7.963 GC heap after
{Heap after GC invocations=14 (full 0):
 garbage-first heap   total 155648K, used 26788K [0x000000070ac00000, 0x0000000800000000)
  region size 2048K, 2 young (4096K), 2 survivors (4096K)
 Metaspace       used 66003K, committed 66688K, reserved 1114112K
  class space    used 9075K, committed 9344K, reserved 1048576K
}

