# JRE version: OpenJDK Runtime Environment Temurin-21.0.4+7 (21.0.4+7) (build 21.0.4+7-LTS)
# Java VM: OpenJDK 64-Bit Server VM Temurin-21.0.4+7 (21.0.4+7-LTS, mixed mode, sharing, tiered, compressed oops, compressed class ptrs, g1 gc, windows-amd64)
GC Precious Log:
 CardTable entry size: 512
 Card Set container configuration: InlinePtr #cards 4 size 8 Array Of Cards #cards 16 size 48 Howl #buckets 8 coarsen threshold 3686 Howl Bitmap #cards 512 size 80 coarsen threshold 460 Card regions per heap region 1 cards per card region 4096
 CPUs: 12 total, 12 available
 Memory: 15690M
 Large Page Support: Disabled
 NUMA Support: Disabled
 Compressed Oops: Enabled (Zero based)
 Heap Region Size: 2M
 Heap Min Capacity: 8M
 Heap Initial Capacity: 246M
 Heap Max Capacity: 3924M
 Pre-touch: Disabled
 Parallel Workers: 10
 Concurrent Workers: 3
 Concurrent Refinement Workers: 10
 Periodic GC: Disabled
Heap:
 garbage-first heap   total 75776K, used 45548K [0x000000070ac00000, 0x0000000800000000)
  region size 2048K, 11 young (22528K), 3 survivors (6144K)
 Metaspace       used 83466K, committed 84224K, reserved 1179648K
  class space    used 11708K, committed 12032K, reserved 1048576K
GC Heap History (20 events):
Event: 2.887 GC heap before
{Heap before GC invocations=4 (full 0):
 garbage-first heap   total 49152K, used 36277K [0x000000070ac00000, 0x0000000800000000)
  region size 2048K, 14 young (28672K), 3 survivors (6144K)
 Metaspace       used 24343K, committed 24832K, reserved 1114112K
  class space    used 3106K, committed 3328K, reserved 1048576K
}
Event: 2.896 GC heap after
{Heap after GC invocations=5 (full 0):
 garbage-first heap   total 49152K, used 15955K [0x000000070ac00000, 0x0000000800000000)
  region size 2048K, 2 young (4096K), 2 survivors (4096K)
 Metaspace       used 24343K, committed 24832K, reserved 1114112K
  class space    used 3106K, committed 3328K, reserved 1048576K
}
Event: 3.541 GC heap before
{Heap before GC invocations=5 (full 0):
 garbage-first heap   total 49152K, used 34387K [0x000000070ac00000, 0x0000000800000000)
  region size 2048K, 11 young (22528K), 2 survivors (4096K)
 Metaspace       used 27601K, committed 28096K, reserved 1114112K
  class space    used 3538K, committed 3776K, reserved 1048576K
}
Event: 3.550 GC heap after
{Heap after GC invocations=6 (full 0):
 garbage-first heap   total 49152K, used 17359K [0x000000070ac00000, 0x0000000800000000)
  region size 2048K, 1 young (2048K), 1 survivors (2048K)
 Metaspace       used 27601K, committed 28096K, reserved 1114112K
  class space    used 3538K, committed 3776K, reserved 1048576K
}
Event: 4.222 GC heap before
{Heap before GC invocations=6 (full 0):
 garbage-first heap   total 49152K, used 35791K [0x000000070ac00000, 0x0000000800000000)
  region size 2048K, 10 young (20480K), 1 survivors (2048K)
 Metaspace       used 31867K, committed 32384K, reserved 1114112K
  class space    used 4122K, committed 4352K, reserved 1048576K
}
Event: 4.231 GC heap after
{Heap after GC invocations=7 (full 0):
 garbage-first heap   total 49152K, used 19357K [0x000000070ac00000, 0x0000000800000000)
  region size 2048K, 2 young (4096K), 2 survivors (4096K)
 Metaspace       used 31867K, committed 32384K, reserved 1114112K
  class space    used 4122K, committed 4352K, reserved 1048576K
}
Event: 4.854 GC heap before
{Heap before GC invocations=7 (full 0):
 garbage-first heap   total 49152K, used 33693K [0x000000070ac00000, 0x0000000800000000)
  region size 2048K, 11 young (22528K), 2 survivors (4096K)
 Metaspace       used 35555K, committed 36096K, reserved 1114112K
  class space    used 4648K, committed 4864K, reserved 1048576K
}
Event: 4.859 GC heap after
{Heap after GC invocations=8 (full 0):
 garbage-first heap   total 151552K, used 20769K [0x000000070ac00000, 0x0000000800000000)
  region size 2048K, 2 young (4096K), 2 survivors (4096K)
 Metaspace       used 35555K, committed 36096K, reserved 1114112K
  class space    used 4648K, committed 4864K, reserved 1048576K
}
Event: 6.281 GC heap before
{Heap before GC invocations=9 (full 0):
 garbage-first heap   total 75776K, used 61729K [0x000000070ac00000, 0x0000000800000000)
  region size 2048K, 22 young (45056K), 2 survivors (4096K)
 Metaspace       used 46867K, committed 47488K, reserved 1114112K
  class space    used 6446K, committed 6720K, reserved 1048576K
}
Event: 6.286 GC heap after
{Heap after GC invocations=10 (full 0):
 garbage-first heap   total 75776K, used 23859K [0x000000070ac00000, 0x0000000800000000)
  region size 2048K, 3 young (6144K), 3 survivors (6144K)
 Metaspace       used 46867K, committed 47488K, reserved 1114112K
  class space    used 6446K, committed 6720K, reserved 1048576K
}
Event: 7.153 GC heap before
{Heap before GC invocations=10 (full 0):
 garbage-first heap   total 75776K, used 56627K [0x000000070ac00000, 0x0000000800000000)
  region size 2048K, 20 young (40960K), 3 survivors (6144K)
 Metaspace       used 56152K, committed 56768K, reserved 1114112K
  class space    used 7523K, committed 7808K, reserved 1048576K
}
Event: 7.159 GC heap after
{Heap after GC invocations=11 (full 0):
 garbage-first heap   total 75776K, used 25255K [0x000000070ac00000, 0x0000000800000000)
  region size 2048K, 3 young (6144K), 3 survivors (6144K)
 Metaspace       used 56152K, committed 56768K, reserved 1114112K
  class space    used 7523K, committed 7808K, reserved 1048576K
}
Event: 7.426 GC heap before
{Heap before GC invocations=11 (full 0):
 garbage-first heap   total 75776K, used 33447K [0x000000070ac00000, 0x0000000800000000)
  region size 2048K, 8 young (16384K), 3 survivors (6144K)
 Metaspace       used 59816K, committed 60416K, reserved 1114112K
  class space    used 8077K, committed 8384K, reserved 1048576K
}
Event: 7.430 GC heap after
{Heap after GC invocations=12 (full 0):
 garbage-first heap   total 75776K, used 25724K [0x000000070ac00000, 0x0000000800000000)
  region size 2048K, 2 young (4096K), 2 survivors (4096K)
 Metaspace       used 59816K, committed 60416K, reserved 1114112K
  class space    used 8077K, committed 8384K, reserved 1048576K
}
Event: 8.478 GC heap before
{Heap before GC invocations=13 (full 0):
 garbage-first heap   total 75776K, used 62588K [0x000000070ac00000, 0x0000000800000000)
  region size 2048K, 20 young (40960K), 2 survivors (4096K)
 Metaspace       used 67953K, committed 68608K, reserved 1114112K
  class space    used 9370K, committed 9664K, reserved 1048576K
}
Event: 8.483 GC heap after
{Heap after GC invocations=14 (full 0):
 garbage-first heap   total 75776K, used 28087K [0x000000070ac00000, 0x0000000800000000)
  region size 2048K, 3 young (6144K), 3 survivors (6144K)
 Metaspace       used 67953K, committed 68608K, reserved 1114112K
  class space    used 9370K, committed 9664K, reserved 1048576K
}
Event: 9.433 GC heap before
{Heap before GC invocations=14 (full 0):
 garbage-first heap   total 75776K, used 60855K [0x000000070ac00000, 0x0000000800000000)
  region size 2048K, 19 young (38912K), 3 survivors (6144K)
 Metaspace       used 73023K, committed 73792K, reserved 1114112K
  class space    used 10048K, committed 10368K, reserved 1048576K
}
Event: 9.438 GC heap after
{Heap after GC invocations=15 (full 0):
 garbage-first heap   total 75776K, used 30600K [0x000000070ac00000, 0x0000000800000000)
  region size 2048K, 3 young (6144K), 3 survivors (6144K)
 Metaspace       used 73023K, committed 73792K, reserved 1114112K
  class space    used 10048K, committed 10368K, reserved 1048576K
}
Event: 14.217 GC heap before
{Heap before GC invocations=15 (full 0):
 garbage-first heap   total 75776K, used 59272K [0x000000070ac00000, 0x0000000800000000)
  region size 2048K, 18 young (36864K), 3 survivors (6144K)
 Metaspace       used 79514K, committed 80256K, reserved 1179648K
  class space    used 11094K, committed 11392K, reserved 1048576K
}
Event: 14.228 GC heap after
{Heap after GC invocations=16 (full 0):
 garbage-first heap   total 75776K, used 33260K [0x000000070ac00000, 0x0000000800000000)
  region size 2048K, 3 young (6144K), 3 survivors (6144K)
 Metaspace       used 79514K, committed 80256K, reserved 1179648K
  class space    used 11094K, committed 11392K, reserved 1048576K
}

